<?xml version="1.0" encoding="UTF-8"?>
<testsuite xmlns:xsi="http://www.w3.org/2001/XMLSchema-instance" xsi:noNamespaceSchemaLocation="https://maven.apache.org/surefire/maven-surefire-plugin/xsd/surefire-test-report-3.0.xsd" version="3.0" name="TestSuite" time="18.024" tests="6" errors="0" skipped="0" failures="0">
  <properties>
    <property name="sun.desktop" value="windows"/>
    <property name="awt.toolkit" value="sun.awt.windows.WToolkit"/>
    <property name="java.specification.version" value="11"/>
    <property name="sun.cpu.isalist" value="amd64"/>
    <property name="sun.jnu.encoding" value="Cp1252"/>
    <property name="java.class.path" value="D:\Users\Owner\eclipse-workspace-old\GitHubRestAPI\target\test-classes;D:\Users\Owner\eclipse-workspace-old\GitHubRestAPI\target\classes;C:\Users\abc\.m2\repository\io\rest-assured\rest-assured\5.1.1\rest-assured-5.1.1.jar;C:\Users\abc\.m2\repository\org\apache\groovy\groovy\4.0.1\groovy-4.0.1.jar;C:\Users\abc\.m2\repository\org\apache\groovy\groovy-xml\4.0.1\groovy-xml-4.0.1.jar;C:\Users\abc\.m2\repository\org\apache\httpcomponents\httpclient\4.5.13\httpclient-4.5.13.jar;C:\Users\abc\.m2\repository\org\apache\httpcomponents\httpcore\4.4.13\httpcore-4.4.13.jar;C:\Users\abc\.m2\repository\commons-logging\commons-logging\1.2\commons-logging-1.2.jar;C:\Users\abc\.m2\repository\org\apache\httpcomponents\httpmime\4.5.13\httpmime-4.5.13.jar;C:\Users\abc\.m2\repository\org\hamcrest\hamcrest\2.1\hamcrest-2.1.jar;C:\Users\abc\.m2\repository\org\ccil\cowan\tagsoup\tagsoup\1.2.1\tagsoup-1.2.1.jar;C:\Users\abc\.m2\repository\io\rest-assured\xml-path\5.1.1\xml-path-5.1.1.jar;C:\Users\abc\.m2\repository\org\json\json\20220320\json-20220320.jar;C:\Users\abc\.m2\repository\io\rest-assured\json-path\5.1.1\json-path-5.1.1.jar;C:\Users\abc\.m2\repository\org\apache\groovy\groovy-json\4.0.1\groovy-json-4.0.1.jar;C:\Users\abc\.m2\repository\io\rest-assured\rest-assured-common\5.1.1\rest-assured-common-5.1.1.jar;C:\Users\abc\.m2\repository\org\testng\testng\7.6.1\testng-7.6.1.jar;C:\Users\abc\.m2\repository\com\google\code\findbugs\jsr305\3.0.2\jsr305-3.0.2.jar;C:\Users\abc\.m2\repository\org\slf4j\slf4j-api\1.7.36\slf4j-api-1.7.36.jar;C:\Users\abc\.m2\repository\com\beust\jcommander\1.82\jcommander-1.82.jar;C:\Users\abc\.m2\repository\org\webjars\jquery\3.6.0\jquery-3.6.0.jar;C:\Users\abc\.m2\repository\com\github\scribejava\scribejava-apis\8.3.1\scribejava-apis-8.3.1.jar;C:\Users\abc\.m2\repository\com\github\scribejava\scribejava-core\8.3.1\scribejava-core-8.3.1.jar;C:\Users\abc\.m2\repository\com\github\scribejava\scribejava-java8\8.3.1\scribejava-java8-8.3.1.jar;C:\Users\abc\.m2\repository\com\fasterxml\jackson\core\jackson-databind\2.12.3\jackson-databind-2.12.3.jar;C:\Users\abc\.m2\repository\com\fasterxml\jackson\core\jackson-annotations\2.12.3\jackson-annotations-2.12.3.jar;C:\Users\abc\.m2\repository\com\fasterxml\jackson\core\jackson-core\2.12.3\jackson-core-2.12.3.jar;C:\Users\abc\.m2\repository\io\rest-assured\json-schema-validator\5.1.1\json-schema-validator-5.1.1.jar;C:\Users\abc\.m2\repository\com\github\java-json-tools\json-schema-validator\2.2.14\json-schema-validator-2.2.14.jar;C:\Users\abc\.m2\repository\com\google\guava\guava\28.2-android\guava-28.2-android.jar;C:\Users\abc\.m2\repository\com\google\guava\failureaccess\1.0.1\failureaccess-1.0.1.jar;C:\Users\abc\.m2\repository\com\google\guava\listenablefuture\9999.0-empty-to-avoid-conflict-with-guava\listenablefuture-9999.0-empty-to-avoid-conflict-with-guava.jar;C:\Users\abc\.m2\repository\org\checkerframework\checker-compat-qual\2.5.5\checker-compat-qual-2.5.5.jar;C:\Users\abc\.m2\repository\com\google\errorprone\error_prone_annotations\2.3.4\error_prone_annotations-2.3.4.jar;C:\Users\abc\.m2\repository\com\google\j2objc\j2objc-annotations\1.3\j2objc-annotations-1.3.jar;C:\Users\abc\.m2\repository\com\github\java-json-tools\jackson-coreutils-equivalence\1.0\jackson-coreutils-equivalence-1.0.jar;C:\Users\abc\.m2\repository\com\github\java-json-tools\jackson-coreutils\2.0\jackson-coreutils-2.0.jar;C:\Users\abc\.m2\repository\com\github\java-json-tools\msg-simple\1.2\msg-simple-1.2.jar;C:\Users\abc\.m2\repository\com\github\java-json-tools\btf\1.3\btf-1.3.jar;C:\Users\abc\.m2\repository\com\github\java-json-tools\json-schema-core\1.2.14\json-schema-core-1.2.14.jar;C:\Users\abc\.m2\repository\com\github\java-json-tools\uri-template\0.10\uri-template-0.10.jar;C:\Users\abc\.m2\repository\org\mozilla\rhino\1.7.7.2\rhino-1.7.7.2.jar;C:\Users\abc\.m2\repository\com\sun\mail\mailapi\1.6.2\mailapi-1.6.2.jar;C:\Users\abc\.m2\repository\joda-time\joda-time\2.10.5\joda-time-2.10.5.jar;C:\Users\abc\.m2\repository\com\googlecode\libphonenumber\libphonenumber\8.11.1\libphonenumber-8.11.1.jar;C:\Users\abc\.m2\repository\net\sf\jopt-simple\jopt-simple\5.0.4\jopt-simple-5.0.4.jar;C:\Users\abc\.m2\repository\com\github\javafaker\javafaker\1.0.2\javafaker-1.0.2.jar;C:\Users\abc\.m2\repository\org\apache\commons\commons-lang3\3.5\commons-lang3-3.5.jar;C:\Users\abc\.m2\repository\org\yaml\snakeyaml\1.23\snakeyaml-1.23-android.jar;C:\Users\abc\.m2\repository\com\github\mifmif\generex\1.0.2\generex-1.0.2.jar;C:\Users\abc\.m2\repository\dk\brics\automaton\automaton\1.11-8\automaton-1.11-8.jar;C:\Users\abc\.m2\repository\com\aventstack\extentreports\5.0.9\extentreports-5.0.9.jar;C:\Users\abc\.m2\repository\io\reactivex\rxjava3\rxjava\3.0.4\rxjava-3.0.4.jar;C:\Users\abc\.m2\repository\org\reactivestreams\reactive-streams\1.0.3\reactive-streams-1.0.3.jar;C:\Users\abc\.m2\repository\org\freemarker\freemarker\2.3.30\freemarker-2.3.30.jar;C:\Users\abc\.m2\repository\org\projectlombok\lombok\1.18.12\lombok-1.18.12.jar;C:\Users\abc\.m2\repository\com\google\code\gson\gson\2.8.6\gson-2.8.6.jar;C:\Users\abc\.m2\repository\org\apache\poi\poi\5.2.2\poi-5.2.2.jar;C:\Users\abc\.m2\repository\commons-codec\commons-codec\1.15\commons-codec-1.15.jar;C:\Users\abc\.m2\repository\org\apache\commons\commons-collections4\4.4\commons-collections4-4.4.jar;C:\Users\abc\.m2\repository\org\apache\commons\commons-math3\3.6.1\commons-math3-3.6.1.jar;C:\Users\abc\.m2\repository\commons-io\commons-io\2.11.0\commons-io-2.11.0.jar;C:\Users\abc\.m2\repository\com\zaxxer\SparseBitSet\1.2\SparseBitSet-1.2.jar;C:\Users\abc\.m2\repository\org\apache\poi\poi-ooxml\5.2.2\poi-ooxml-5.2.2.jar;C:\Users\abc\.m2\repository\org\apache\poi\poi-ooxml-lite\5.2.2\poi-ooxml-lite-5.2.2.jar;C:\Users\abc\.m2\repository\org\apache\xmlbeans\xmlbeans\5.0.3\xmlbeans-5.0.3.jar;C:\Users\abc\.m2\repository\org\apache\commons\commons-compress\1.21\commons-compress-1.21.jar;C:\Users\abc\.m2\repository\com\github\virtuald\curvesapi\1.07\curvesapi-1.07.jar;C:\Users\abc\.m2\repository\org\apache\logging\log4j\log4j-api\2.18.0\log4j-api-2.18.0.jar;C:\Users\abc\.m2\repository\org\apache\logging\log4j\log4j-core\2.18.0\log4j-core-2.18.0.jar;"/>
    <property name="java.vm.vendor" value="Oracle Corporation"/>
    <property name="sun.arch.data.model" value="64"/>
    <property name="user.variant" value=""/>
    <property name="java.vendor.url" value="https://openjdk.java.net/"/>
    <property name="user.timezone" value="Asia/Calcutta"/>
    <property name="java.vm.specification.version" value="11"/>
    <property name="os.name" value="Windows 10"/>
    <property name="sun.java.launcher" value="SUN_STANDARD"/>
    <property name="user.country" value="IN"/>
    <property name="sun.boot.library.path" value="D:\Users\Owner\JAVA\jdk-11.0.17\bin"/>
    <property name="sun.java.command" value="C:\Users\abc\AppData\Local\Temp\surefire6146240316701408884\surefirebooter-20230117183319481_3.jar C:\Users\abc\AppData\Local\Temp\surefire6146240316701408884 2023-01-17T18-33-17_865-jvmRun1 surefire-20230117183319481_1tmp surefire_0-20230117183319481_2tmp"/>
    <property name="jdk.debug" value="release"/>
    <property name="surefire.test.class.path" value="D:\Users\Owner\eclipse-workspace-old\GitHubRestAPI\target\test-classes;D:\Users\Owner\eclipse-workspace-old\GitHubRestAPI\target\classes;C:\Users\abc\.m2\repository\io\rest-assured\rest-assured\5.1.1\rest-assured-5.1.1.jar;C:\Users\abc\.m2\repository\org\apache\groovy\groovy\4.0.1\groovy-4.0.1.jar;C:\Users\abc\.m2\repository\org\apache\groovy\groovy-xml\4.0.1\groovy-xml-4.0.1.jar;C:\Users\abc\.m2\repository\org\apache\httpcomponents\httpclient\4.5.13\httpclient-4.5.13.jar;C:\Users\abc\.m2\repository\org\apache\httpcomponents\httpcore\4.4.13\httpcore-4.4.13.jar;C:\Users\abc\.m2\repository\commons-logging\commons-logging\1.2\commons-logging-1.2.jar;C:\Users\abc\.m2\repository\org\apache\httpcomponents\httpmime\4.5.13\httpmime-4.5.13.jar;C:\Users\abc\.m2\repository\org\hamcrest\hamcrest\2.1\hamcrest-2.1.jar;C:\Users\abc\.m2\repository\org\ccil\cowan\tagsoup\tagsoup\1.2.1\tagsoup-1.2.1.jar;C:\Users\abc\.m2\repository\io\rest-assured\xml-path\5.1.1\xml-path-5.1.1.jar;C:\Users\abc\.m2\repository\org\json\json\20220320\json-20220320.jar;C:\Users\abc\.m2\repository\io\rest-assured\json-path\5.1.1\json-path-5.1.1.jar;C:\Users\abc\.m2\repository\org\apache\groovy\groovy-json\4.0.1\groovy-json-4.0.1.jar;C:\Users\abc\.m2\repository\io\rest-assured\rest-assured-common\5.1.1\rest-assured-common-5.1.1.jar;C:\Users\abc\.m2\repository\org\testng\testng\7.6.1\testng-7.6.1.jar;C:\Users\abc\.m2\repository\com\google\code\findbugs\jsr305\3.0.2\jsr305-3.0.2.jar;C:\Users\abc\.m2\repository\org\slf4j\slf4j-api\1.7.36\slf4j-api-1.7.36.jar;C:\Users\abc\.m2\repository\com\beust\jcommander\1.82\jcommander-1.82.jar;C:\Users\abc\.m2\repository\org\webjars\jquery\3.6.0\jquery-3.6.0.jar;C:\Users\abc\.m2\repository\com\github\scribejava\scribejava-apis\8.3.1\scribejava-apis-8.3.1.jar;C:\Users\abc\.m2\repository\com\github\scribejava\scribejava-core\8.3.1\scribejava-core-8.3.1.jar;C:\Users\abc\.m2\repository\com\github\scribejava\scribejava-java8\8.3.1\scribejava-java8-8.3.1.jar;C:\Users\abc\.m2\repository\com\fasterxml\jackson\core\jackson-databind\2.12.3\jackson-databind-2.12.3.jar;C:\Users\abc\.m2\repository\com\fasterxml\jackson\core\jackson-annotations\2.12.3\jackson-annotations-2.12.3.jar;C:\Users\abc\.m2\repository\com\fasterxml\jackson\core\jackson-core\2.12.3\jackson-core-2.12.3.jar;C:\Users\abc\.m2\repository\io\rest-assured\json-schema-validator\5.1.1\json-schema-validator-5.1.1.jar;C:\Users\abc\.m2\repository\com\github\java-json-tools\json-schema-validator\2.2.14\json-schema-validator-2.2.14.jar;C:\Users\abc\.m2\repository\com\google\guava\guava\28.2-android\guava-28.2-android.jar;C:\Users\abc\.m2\repository\com\google\guava\failureaccess\1.0.1\failureaccess-1.0.1.jar;C:\Users\abc\.m2\repository\com\google\guava\listenablefuture\9999.0-empty-to-avoid-conflict-with-guava\listenablefuture-9999.0-empty-to-avoid-conflict-with-guava.jar;C:\Users\abc\.m2\repository\org\checkerframework\checker-compat-qual\2.5.5\checker-compat-qual-2.5.5.jar;C:\Users\abc\.m2\repository\com\google\errorprone\error_prone_annotations\2.3.4\error_prone_annotations-2.3.4.jar;C:\Users\abc\.m2\repository\com\google\j2objc\j2objc-annotations\1.3\j2objc-annotations-1.3.jar;C:\Users\abc\.m2\repository\com\github\java-json-tools\jackson-coreutils-equivalence\1.0\jackson-coreutils-equivalence-1.0.jar;C:\Users\abc\.m2\repository\com\github\java-json-tools\jackson-coreutils\2.0\jackson-coreutils-2.0.jar;C:\Users\abc\.m2\repository\com\github\java-json-tools\msg-simple\1.2\msg-simple-1.2.jar;C:\Users\abc\.m2\repository\com\github\java-json-tools\btf\1.3\btf-1.3.jar;C:\Users\abc\.m2\repository\com\github\java-json-tools\json-schema-core\1.2.14\json-schema-core-1.2.14.jar;C:\Users\abc\.m2\repository\com\github\java-json-tools\uri-template\0.10\uri-template-0.10.jar;C:\Users\abc\.m2\repository\org\mozilla\rhino\1.7.7.2\rhino-1.7.7.2.jar;C:\Users\abc\.m2\repository\com\sun\mail\mailapi\1.6.2\mailapi-1.6.2.jar;C:\Users\abc\.m2\repository\joda-time\joda-time\2.10.5\joda-time-2.10.5.jar;C:\Users\abc\.m2\repository\com\googlecode\libphonenumber\libphonenumber\8.11.1\libphonenumber-8.11.1.jar;C:\Users\abc\.m2\repository\net\sf\jopt-simple\jopt-simple\5.0.4\jopt-simple-5.0.4.jar;C:\Users\abc\.m2\repository\com\github\javafaker\javafaker\1.0.2\javafaker-1.0.2.jar;C:\Users\abc\.m2\repository\org\apache\commons\commons-lang3\3.5\commons-lang3-3.5.jar;C:\Users\abc\.m2\repository\org\yaml\snakeyaml\1.23\snakeyaml-1.23-android.jar;C:\Users\abc\.m2\repository\com\github\mifmif\generex\1.0.2\generex-1.0.2.jar;C:\Users\abc\.m2\repository\dk\brics\automaton\automaton\1.11-8\automaton-1.11-8.jar;C:\Users\abc\.m2\repository\com\aventstack\extentreports\5.0.9\extentreports-5.0.9.jar;C:\Users\abc\.m2\repository\io\reactivex\rxjava3\rxjava\3.0.4\rxjava-3.0.4.jar;C:\Users\abc\.m2\repository\org\reactivestreams\reactive-streams\1.0.3\reactive-streams-1.0.3.jar;C:\Users\abc\.m2\repository\org\freemarker\freemarker\2.3.30\freemarker-2.3.30.jar;C:\Users\abc\.m2\repository\org\projectlombok\lombok\1.18.12\lombok-1.18.12.jar;C:\Users\abc\.m2\repository\com\google\code\gson\gson\2.8.6\gson-2.8.6.jar;C:\Users\abc\.m2\repository\org\apache\poi\poi\5.2.2\poi-5.2.2.jar;C:\Users\abc\.m2\repository\commons-codec\commons-codec\1.15\commons-codec-1.15.jar;C:\Users\abc\.m2\repository\org\apache\commons\commons-collections4\4.4\commons-collections4-4.4.jar;C:\Users\abc\.m2\repository\org\apache\commons\commons-math3\3.6.1\commons-math3-3.6.1.jar;C:\Users\abc\.m2\repository\commons-io\commons-io\2.11.0\commons-io-2.11.0.jar;C:\Users\abc\.m2\repository\com\zaxxer\SparseBitSet\1.2\SparseBitSet-1.2.jar;C:\Users\abc\.m2\repository\org\apache\poi\poi-ooxml\5.2.2\poi-ooxml-5.2.2.jar;C:\Users\abc\.m2\repository\org\apache\poi\poi-ooxml-lite\5.2.2\poi-ooxml-lite-5.2.2.jar;C:\Users\abc\.m2\repository\org\apache\xmlbeans\xmlbeans\5.0.3\xmlbeans-5.0.3.jar;C:\Users\abc\.m2\repository\org\apache\commons\commons-compress\1.21\commons-compress-1.21.jar;C:\Users\abc\.m2\repository\com\github\virtuald\curvesapi\1.07\curvesapi-1.07.jar;C:\Users\abc\.m2\repository\org\apache\logging\log4j\log4j-api\2.18.0\log4j-api-2.18.0.jar;C:\Users\abc\.m2\repository\org\apache\logging\log4j\log4j-core\2.18.0\log4j-core-2.18.0.jar;"/>
    <property name="sun.cpu.endian" value="little"/>
    <property name="user.home" value="C:\Users\abc"/>
    <property name="user.language" value="en"/>
    <property name="java.specification.vendor" value="Oracle Corporation"/>
    <property name="java.version.date" value="2022-10-18"/>
    <property name="java.home" value="D:\Users\Owner\JAVA\jdk-11.0.17"/>
    <property name="file.separator" value="\"/>
    <property name="basedir" value="D:\Users\Owner\eclipse-workspace-old\GitHubRestAPI"/>
    <property name="java.vm.compressedOopsMode" value="32-bit"/>
    <property name="line.separator" value="&#10;"/>
    <property name="java.specification.name" value="Java Platform API Specification"/>
    <property name="java.vm.specification.vendor" value="Oracle Corporation"/>
    <property name="java.awt.graphicsenv" value="sun.awt.Win32GraphicsEnvironment"/>
    <property name="surefire.real.class.path" value="C:\Users\abc\AppData\Local\Temp\surefire6146240316701408884\surefirebooter-20230117183319481_3.jar"/>
    <property name="user.script" value=""/>
    <property name="sun.management.compiler" value="HotSpot 64-Bit Tiered Compilers"/>
    <property name="java.runtime.version" value="11.0.17+10-LTS-269"/>
    <property name="user.name" value="abc"/>
    <property name="path.separator" value=";"/>
    <property name="os.version" value="10.0"/>
    <property name="java.runtime.name" value="Java(TM) SE Runtime Environment"/>
    <property name="file.encoding" value="Cp1252"/>
    <property name="java.vm.name" value="Java HotSpot(TM) 64-Bit Server VM"/>
    <property name="java.vendor.version" value="18.9"/>
    <property name="localRepository" value="C:\Users\abc\.m2\repository"/>
    <property name="java.vendor.url.bug" value="https://bugreport.java.com/bugreport/"/>
    <property name="java.io.tmpdir" value="C:\Users\abc\AppData\Local\Temp\"/>
    <property name="java.version" value="11.0.17"/>
    <property name="user.dir" value="D:\Users\Owner\eclipse-workspace-old\GitHubRestAPI"/>
    <property name="os.arch" value="amd64"/>
    <property name="java.vm.specification.name" value="Java Virtual Machine Specification"/>
    <property name="java.awt.printerjob" value="sun.awt.windows.WPrinterJob"/>
    <property name="sun.os.patch.level" value=""/>
    <property name="java.library.path" value="D:\Users\Owner\JAVA\jdk-11.0.17\bin;C:\Windows\Sun\Java\bin;C:\Windows\system32;C:\Windows;C:\Windows\system32;C:\Windows;C:\Windows\System32\Wbem;C:\Windows\System32\WindowsPowerShell\v1.0\;C:\Windows\System32\OpenSSH\;C:\Program Files\nodejs\node_modules;C:\Program Files\nodejs\;C:\Users\abc\AppData\Local\Microsoft\WindowsApps;D:\Program Files\Java\jdk1.8.0_333\bin;D:\Selenium\apache-maven-3.8.6\bin;D:\Selenium\allure-2.18.1\bin;D:\Program Files\Git\bin;C:\Program Files\Git\bin;C:\Users\abc\AppData\Roaming\npm;D:\Users\Owner\JAVA\jdk-11.0.17\bin;."/>
    <property name="java.vendor" value="Oracle Corporation"/>
    <property name="java.vm.info" value="mixed mode"/>
    <property name="java.vm.version" value="11.0.17+10-LTS-269"/>
    <property name="sun.io.unicode.encoding" value="UnicodeLittle"/>
    <property name="java.class.version" value="55.0"/>
  </properties>
  <testcase name="CreateRepoAPITest" classname="gra.Tests.GraTestWithFaker" time="9.678">
    <system-out><![CDATA[{
    "id": 590006717,
    "node_id": "R_kgDOIyrJvQ",
    "name": "Valorie",
    "full_name": "GitRudra7/Valorie",
    "private": false,
    "owner": {
        "login": "GitRudra7",
        "id": 116152202,
        "node_id": "U_kgDOBuxXig",
        "avatar_url": "https://avatars.githubusercontent.com/u/116152202?v=4",
        "gravatar_id": "",
        "url": "https://api.github.com/users/GitRudra7",
        "html_url": "https://github.com/GitRudra7",
        "followers_url": "https://api.github.com/users/GitRudra7/followers",
        "following_url": "https://api.github.com/users/GitRudra7/following{/other_user}",
        "gists_url": "https://api.github.com/users/GitRudra7/gists{/gist_id}",
        "starred_url": "https://api.github.com/users/GitRudra7/starred{/owner}{/repo}",
        "subscriptions_url": "https://api.github.com/users/GitRudra7/subscriptions",
        "organizations_url": "https://api.github.com/users/GitRudra7/orgs",
        "repos_url": "https://api.github.com/users/GitRudra7/repos",
        "events_url": "https://api.github.com/users/GitRudra7/events{/privacy}",
        "received_events_url": "https://api.github.com/users/GitRudra7/received_events",
        "type": "User",
        "site_admin": false
    },
    "html_url": "https://github.com/GitRudra7/Valorie",
    "description": "Repo isValorie",
    "fork": false,
    "url": "https://api.github.com/repos/GitRudra7/Valorie",
    "forks_url": "https://api.github.com/repos/GitRudra7/Valorie/forks",
    "keys_url": "https://api.github.com/repos/GitRudra7/Valorie/keys{/key_id}",
    "collaborators_url": "https://api.github.com/repos/GitRudra7/Valorie/collaborators{/collaborator}",
    "teams_url": "https://api.github.com/repos/GitRudra7/Valorie/teams",
    "hooks_url": "https://api.github.com/repos/GitRudra7/Valorie/hooks",
    "issue_events_url": "https://api.github.com/repos/GitRudra7/Valorie/issues/events{/number}",
    "events_url": "https://api.github.com/repos/GitRudra7/Valorie/events",
    "assignees_url": "https://api.github.com/repos/GitRudra7/Valorie/assignees{/user}",
    "branches_url": "https://api.github.com/repos/GitRudra7/Valorie/branches{/branch}",
    "tags_url": "https://api.github.com/repos/GitRudra7/Valorie/tags",
    "blobs_url": "https://api.github.com/repos/GitRudra7/Valorie/git/blobs{/sha}",
    "git_tags_url": "https://api.github.com/repos/GitRudra7/Valorie/git/tags{/sha}",
    "git_refs_url": "https://api.github.com/repos/GitRudra7/Valorie/git/refs{/sha}",
    "trees_url": "https://api.github.com/repos/GitRudra7/Valorie/git/trees{/sha}",
    "statuses_url": "https://api.github.com/repos/GitRudra7/Valorie/statuses/{sha}",
    "languages_url": "https://api.github.com/repos/GitRudra7/Valorie/languages",
    "stargazers_url": "https://api.github.com/repos/GitRudra7/Valorie/stargazers",
    "contributors_url": "https://api.github.com/repos/GitRudra7/Valorie/contributors",
    "subscribers_url": "https://api.github.com/repos/GitRudra7/Valorie/subscribers",
    "subscription_url": "https://api.github.com/repos/GitRudra7/Valorie/subscription",
    "commits_url": "https://api.github.com/repos/GitRudra7/Valorie/commits{/sha}",
    "git_commits_url": "https://api.github.com/repos/GitRudra7/Valorie/git/commits{/sha}",
    "comments_url": "https://api.github.com/repos/GitRudra7/Valorie/comments{/number}",
    "issue_comment_url": "https://api.github.com/repos/GitRudra7/Valorie/issues/comments{/number}",
    "contents_url": "https://api.github.com/repos/GitRudra7/Valorie/contents/{+path}",
    "compare_url": "https://api.github.com/repos/GitRudra7/Valorie/compare/{base}...{head}",
    "merges_url": "https://api.github.com/repos/GitRudra7/Valorie/merges",
    "archive_url": "https://api.github.com/repos/GitRudra7/Valorie/{archive_format}{/ref}",
    "downloads_url": "https://api.github.com/repos/GitRudra7/Valorie/downloads",
    "issues_url": "https://api.github.com/repos/GitRudra7/Valorie/issues{/number}",
    "pulls_url": "https://api.github.com/repos/GitRudra7/Valorie/pulls{/number}",
    "milestones_url": "https://api.github.com/repos/GitRudra7/Valorie/milestones{/number}",
    "notifications_url": "https://api.github.com/repos/GitRudra7/Valorie/notifications{?since,all,participating}",
    "labels_url": "https://api.github.com/repos/GitRudra7/Valorie/labels{/name}",
    "releases_url": "https://api.github.com/repos/GitRudra7/Valorie/releases{/id}",
    "deployments_url": "https://api.github.com/repos/GitRudra7/Valorie/deployments",
    "created_at": "2023-01-17T13:03:31Z",
    "updated_at": "2023-01-17T13:03:31Z",
    "pushed_at": "2023-01-17T13:03:32Z",
    "git_url": "git://github.com/GitRudra7/Valorie.git",
    "ssh_url": "git@github.com:GitRudra7/Valorie.git",
    "clone_url": "https://github.com/GitRudra7/Valorie.git",
    "svn_url": "https://github.com/GitRudra7/Valorie",
    "homepage": "https://github.com",
    "size": 0,
    "stargazers_count": 0,
    "watchers_count": 0,
    "language": null,
    "has_issues": false,
    "has_projects": true,
    "has_downloads": true,
    "has_wiki": false,
    "has_pages": false,
    "has_discussions": false,
    "forks_count": 0,
    "mirror_url": null,
    "archived": false,
    "disabled": false,
    "open_issues_count": 0,
    "license": null,
    "allow_forking": true,
    "is_template": true,
    "web_commit_signoff_required": false,
    "topics": [
        
    ],
    "visibility": "public",
    "forks": 0,
    "open_issues": 0,
    "watchers": 0,
    "default_branch": "main",
    "permissions": {
        "admin": true,
        "maintain": true,
        "push": true,
        "triage": true,
        "pull": true
    },
    "allow_squash_merge": true,
    "allow_merge_commit": true,
    "allow_rebase_merge": true,
    "allow_auto_merge": false,
    "delete_branch_on_merge": false,
    "allow_update_branch": false,
    "use_squash_pr_title_as_default": false,
    "squash_merge_commit_message": "COMMIT_MESSAGES",
    "squash_merge_commit_title": "COMMIT_OR_PR_TITLE",
    "merge_commit_message": "PR_TITLE",
    "merge_commit_title": "MERGE_MESSAGE",
    "network_count": 0,
    "subscribers_count": 1
}
]]></system-out>
    <system-err><![CDATA[SLF4J: Failed to load class "org.slf4j.impl.StaticLoggerBinder".
SLF4J: Defaulting to no-operation (NOP) logger implementation
SLF4J: See http://www.slf4j.org/codes.html#StaticLoggerBinder for further details.
]]></system-err>
  </testcase>
  <testcase name="GetRepoAPITest" classname="gra.Tests.GraTestWithFaker" time="0.612">
    <system-out><![CDATA[{
    "id": 590006717,
    "node_id": "R_kgDOIyrJvQ",
    "name": "Valorie",
    "full_name": "GitRudra7/Valorie",
    "private": false,
    "owner": {
        "login": "GitRudra7",
        "id": 116152202,
        "node_id": "U_kgDOBuxXig",
        "avatar_url": "https://avatars.githubusercontent.com/u/116152202?v=4",
        "gravatar_id": "",
        "url": "https://api.github.com/users/GitRudra7",
        "html_url": "https://github.com/GitRudra7",
        "followers_url": "https://api.github.com/users/GitRudra7/followers",
        "following_url": "https://api.github.com/users/GitRudra7/following{/other_user}",
        "gists_url": "https://api.github.com/users/GitRudra7/gists{/gist_id}",
        "starred_url": "https://api.github.com/users/GitRudra7/starred{/owner}{/repo}",
        "subscriptions_url": "https://api.github.com/users/GitRudra7/subscriptions",
        "organizations_url": "https://api.github.com/users/GitRudra7/orgs",
        "repos_url": "https://api.github.com/users/GitRudra7/repos",
        "events_url": "https://api.github.com/users/GitRudra7/events{/privacy}",
        "received_events_url": "https://api.github.com/users/GitRudra7/received_events",
        "type": "User",
        "site_admin": false
    },
    "html_url": "https://github.com/GitRudra7/Valorie",
    "description": "Repo isValorie",
    "fork": false,
    "url": "https://api.github.com/repos/GitRudra7/Valorie",
    "forks_url": "https://api.github.com/repos/GitRudra7/Valorie/forks",
    "keys_url": "https://api.github.com/repos/GitRudra7/Valorie/keys{/key_id}",
    "collaborators_url": "https://api.github.com/repos/GitRudra7/Valorie/collaborators{/collaborator}",
    "teams_url": "https://api.github.com/repos/GitRudra7/Valorie/teams",
    "hooks_url": "https://api.github.com/repos/GitRudra7/Valorie/hooks",
    "issue_events_url": "https://api.github.com/repos/GitRudra7/Valorie/issues/events{/number}",
    "events_url": "https://api.github.com/repos/GitRudra7/Valorie/events",
    "assignees_url": "https://api.github.com/repos/GitRudra7/Valorie/assignees{/user}",
    "branches_url": "https://api.github.com/repos/GitRudra7/Valorie/branches{/branch}",
    "tags_url": "https://api.github.com/repos/GitRudra7/Valorie/tags",
    "blobs_url": "https://api.github.com/repos/GitRudra7/Valorie/git/blobs{/sha}",
    "git_tags_url": "https://api.github.com/repos/GitRudra7/Valorie/git/tags{/sha}",
    "git_refs_url": "https://api.github.com/repos/GitRudra7/Valorie/git/refs{/sha}",
    "trees_url": "https://api.github.com/repos/GitRudra7/Valorie/git/trees{/sha}",
    "statuses_url": "https://api.github.com/repos/GitRudra7/Valorie/statuses/{sha}",
    "languages_url": "https://api.github.com/repos/GitRudra7/Valorie/languages",
    "stargazers_url": "https://api.github.com/repos/GitRudra7/Valorie/stargazers",
    "contributors_url": "https://api.github.com/repos/GitRudra7/Valorie/contributors",
    "subscribers_url": "https://api.github.com/repos/GitRudra7/Valorie/subscribers",
    "subscription_url": "https://api.github.com/repos/GitRudra7/Valorie/subscription",
    "commits_url": "https://api.github.com/repos/GitRudra7/Valorie/commits{/sha}",
    "git_commits_url": "https://api.github.com/repos/GitRudra7/Valorie/git/commits{/sha}",
    "comments_url": "https://api.github.com/repos/GitRudra7/Valorie/comments{/number}",
    "issue_comment_url": "https://api.github.com/repos/GitRudra7/Valorie/issues/comments{/number}",
    "contents_url": "https://api.github.com/repos/GitRudra7/Valorie/contents/{+path}",
    "compare_url": "https://api.github.com/repos/GitRudra7/Valorie/compare/{base}...{head}",
    "merges_url": "https://api.github.com/repos/GitRudra7/Valorie/merges",
    "archive_url": "https://api.github.com/repos/GitRudra7/Valorie/{archive_format}{/ref}",
    "downloads_url": "https://api.github.com/repos/GitRudra7/Valorie/downloads",
    "issues_url": "https://api.github.com/repos/GitRudra7/Valorie/issues{/number}",
    "pulls_url": "https://api.github.com/repos/GitRudra7/Valorie/pulls{/number}",
    "milestones_url": "https://api.github.com/repos/GitRudra7/Valorie/milestones{/number}",
    "notifications_url": "https://api.github.com/repos/GitRudra7/Valorie/notifications{?since,all,participating}",
    "labels_url": "https://api.github.com/repos/GitRudra7/Valorie/labels{/name}",
    "releases_url": "https://api.github.com/repos/GitRudra7/Valorie/releases{/id}",
    "deployments_url": "https://api.github.com/repos/GitRudra7/Valorie/deployments",
    "created_at": "2023-01-17T13:03:31Z",
    "updated_at": "2023-01-17T13:03:31Z",
    "pushed_at": "2023-01-17T13:03:32Z",
    "git_url": "git://github.com/GitRudra7/Valorie.git",
    "ssh_url": "git@github.com:GitRudra7/Valorie.git",
    "clone_url": "https://github.com/GitRudra7/Valorie.git",
    "svn_url": "https://github.com/GitRudra7/Valorie",
    "homepage": "https://github.com",
    "size": 0,
    "stargazers_count": 0,
    "watchers_count": 0,
    "language": null,
    "has_issues": false,
    "has_projects": true,
    "has_downloads": true,
    "has_wiki": false,
    "has_pages": false,
    "has_discussions": false,
    "forks_count": 0,
    "mirror_url": null,
    "archived": false,
    "disabled": false,
    "open_issues_count": 0,
    "license": null,
    "allow_forking": true,
    "is_template": true,
    "web_commit_signoff_required": false,
    "topics": [
        
    ],
    "visibility": "public",
    "forks": 0,
    "open_issues": 0,
    "watchers": 0,
    "default_branch": "main",
    "permissions": {
        "admin": true,
        "maintain": true,
        "push": true,
        "triage": true,
        "pull": true
    },
    "temp_clone_token": "",
    "allow_squash_merge": true,
    "allow_merge_commit": true,
    "allow_rebase_merge": true,
    "allow_auto_merge": false,
    "delete_branch_on_merge": false,
    "allow_update_branch": false,
    "use_squash_pr_title_as_default": false,
    "squash_merge_commit_message": "COMMIT_MESSAGES",
    "squash_merge_commit_title": "COMMIT_OR_PR_TITLE",
    "merge_commit_message": "PR_TITLE",
    "merge_commit_title": "MERGE_MESSAGE",
    "security_and_analysis": {
        "secret_scanning": {
            "status": "disabled"
        },
        "secret_scanning_push_protection": {
            "status": "disabled"
        }
    },
    "network_count": 0,
    "subscribers_count": 1
}
]]></system-out>
  </testcase>
  <testcase name="UpdateRepoAPITest" classname="gra.Tests.GraTestWithFaker" time="0.934">
    <system-out><![CDATA[HTTP/1.1 200 OK
Server: GitHub.com
Date: Tue, 17 Jan 2023 13:03:34 GMT
Content-Type: application/json; charset=utf-8
Transfer-Encoding: chunked
Cache-Control: private, max-age=60, s-maxage=60
Vary: Accept, Authorization, Cookie, X-GitHub-OTP
ETag: W/"96485e12cbd23e93f7080242fe7820c7439f1a4581e109619ee98f90b185136e"
X-OAuth-Scopes: repo
X-Accepted-OAuth-Scopes: 
X-GitHub-Media-Type: github.v3; format=json
x-github-api-version-selected: 2022-11-28
X-RateLimit-Limit: 5000
X-RateLimit-Remaining: 4997
X-RateLimit-Reset: 1673964212
X-RateLimit-Used: 3
X-RateLimit-Resource: core
Access-Control-Expose-Headers: ETag, Link, Location, Retry-After, X-GitHub-OTP, X-RateLimit-Limit, X-RateLimit-Remaining, X-RateLimit-Used, X-RateLimit-Resource, X-RateLimit-Reset, X-OAuth-Scopes, X-Accepted-OAuth-Scopes, X-Poll-Interval, X-GitHub-Media-Type, X-GitHub-SSO, X-GitHub-Request-Id, Deprecation, Sunset
Access-Control-Allow-Origin: *
Strict-Transport-Security: max-age=31536000; includeSubdomains; preload
X-Frame-Options: deny
X-Content-Type-Options: nosniff
X-XSS-Protection: 0
Referrer-Policy: origin-when-cross-origin, strict-origin-when-cross-origin
Content-Security-Policy: default-src 'none'
Vary: Accept-Encoding, Accept, X-Requested-With
Content-Encoding: gzip
X-GitHub-Request-Id: CC3D:6FA9:7B7C63:9B9868:63C69CA5

{
    "id": 590006717,
    "node_id": "R_kgDOIyrJvQ",
    "name": "Valorie",
    "full_name": "GitRudra7/Valorie",
    "private": false,
    "owner": {
        "login": "GitRudra7",
        "id": 116152202,
        "node_id": "U_kgDOBuxXig",
        "avatar_url": "https://avatars.githubusercontent.com/u/116152202?v=4",
        "gravatar_id": "",
        "url": "https://api.github.com/users/GitRudra7",
        "html_url": "https://github.com/GitRudra7",
        "followers_url": "https://api.github.com/users/GitRudra7/followers",
        "following_url": "https://api.github.com/users/GitRudra7/following{/other_user}",
        "gists_url": "https://api.github.com/users/GitRudra7/gists{/gist_id}",
        "starred_url": "https://api.github.com/users/GitRudra7/starred{/owner}{/repo}",
        "subscriptions_url": "https://api.github.com/users/GitRudra7/subscriptions",
        "organizations_url": "https://api.github.com/users/GitRudra7/orgs",
        "repos_url": "https://api.github.com/users/GitRudra7/repos",
        "events_url": "https://api.github.com/users/GitRudra7/events{/privacy}",
        "received_events_url": "https://api.github.com/users/GitRudra7/received_events",
        "type": "User",
        "site_admin": false
    },
    "html_url": "https://github.com/GitRudra7/Valorie",
    "description": "This is ur updated Repo",
    "fork": false,
    "url": "https://api.github.com/repos/GitRudra7/Valorie",
    "forks_url": "https://api.github.com/repos/GitRudra7/Valorie/forks",
    "keys_url": "https://api.github.com/repos/GitRudra7/Valorie/keys{/key_id}",
    "collaborators_url": "https://api.github.com/repos/GitRudra7/Valorie/collaborators{/collaborator}",
    "teams_url": "https://api.github.com/repos/GitRudra7/Valorie/teams",
    "hooks_url": "https://api.github.com/repos/GitRudra7/Valorie/hooks",
    "issue_events_url": "https://api.github.com/repos/GitRudra7/Valorie/issues/events{/number}",
    "events_url": "https://api.github.com/repos/GitRudra7/Valorie/events",
    "assignees_url": "https://api.github.com/repos/GitRudra7/Valorie/assignees{/user}",
    "branches_url": "https://api.github.com/repos/GitRudra7/Valorie/branches{/branch}",
    "tags_url": "https://api.github.com/repos/GitRudra7/Valorie/tags",
    "blobs_url": "https://api.github.com/repos/GitRudra7/Valorie/git/blobs{/sha}",
    "git_tags_url": "https://api.github.com/repos/GitRudra7/Valorie/git/tags{/sha}",
    "git_refs_url": "https://api.github.com/repos/GitRudra7/Valorie/git/refs{/sha}",
    "trees_url": "https://api.github.com/repos/GitRudra7/Valorie/git/trees{/sha}",
    "statuses_url": "https://api.github.com/repos/GitRudra7/Valorie/statuses/{sha}",
    "languages_url": "https://api.github.com/repos/GitRudra7/Valorie/languages",
    "stargazers_url": "https://api.github.com/repos/GitRudra7/Valorie/stargazers",
    "contributors_url": "https://api.github.com/repos/GitRudra7/Valorie/contributors",
    "subscribers_url": "https://api.github.com/repos/GitRudra7/Valorie/subscribers",
    "subscription_url": "https://api.github.com/repos/GitRudra7/Valorie/subscription",
    "commits_url": "https://api.github.com/repos/GitRudra7/Valorie/commits{/sha}",
    "git_commits_url": "https://api.github.com/repos/GitRudra7/Valorie/git/commits{/sha}",
    "comments_url": "https://api.github.com/repos/GitRudra7/Valorie/comments{/number}",
    "issue_comment_url": "https://api.github.com/repos/GitRudra7/Valorie/issues/comments{/number}",
    "contents_url": "https://api.github.com/repos/GitRudra7/Valorie/contents/{+path}",
    "compare_url": "https://api.github.com/repos/GitRudra7/Valorie/compare/{base}...{head}",
    "merges_url": "https://api.github.com/repos/GitRudra7/Valorie/merges",
    "archive_url": "https://api.github.com/repos/GitRudra7/Valorie/{archive_format}{/ref}",
    "downloads_url": "https://api.github.com/repos/GitRudra7/Valorie/downloads",
    "issues_url": "https://api.github.com/repos/GitRudra7/Valorie/issues{/number}",
    "pulls_url": "https://api.github.com/repos/GitRudra7/Valorie/pulls{/number}",
    "milestones_url": "https://api.github.com/repos/GitRudra7/Valorie/milestones{/number}",
    "notifications_url": "https://api.github.com/repos/GitRudra7/Valorie/notifications{?since,all,participating}",
    "labels_url": "https://api.github.com/repos/GitRudra7/Valorie/labels{/name}",
    "releases_url": "https://api.github.com/repos/GitRudra7/Valorie/releases{/id}",
    "deployments_url": "https://api.github.com/repos/GitRudra7/Valorie/deployments",
    "created_at": "2023-01-17T13:03:31Z",
    "updated_at": "2023-01-17T13:03:34Z",
    "pushed_at": "2023-01-17T13:03:32Z",
    "git_url": "git://github.com/GitRudra7/Valorie.git",
    "ssh_url": "git@github.com:GitRudra7/Valorie.git",
    "clone_url": "https://github.com/GitRudra7/Valorie.git",
    "svn_url": "https://github.com/GitRudra7/Valorie",
    "homepage": "https://github.com",
    "size": 0,
    "stargazers_count": 0,
    "watchers_count": 0,
    "language": null,
    "has_issues": false,
    "has_projects": false,
    "has_downloads": true,
    "has_wiki": false,
    "has_pages": false,
    "has_discussions": false,
    "forks_count": 0,
    "mirror_url": null,
    "archived": false,
    "disabled": false,
    "open_issues_count": 0,
    "license": null,
    "allow_forking": true,
    "is_template": false,
    "web_commit_signoff_required": false,
    "topics": [
        
    ],
    "visibility": "public",
    "forks": 0,
    "open_issues": 0,
    "watchers": 0,
    "default_branch": "main",
    "permissions": {
        "admin": true,
        "maintain": true,
        "push": true,
        "triage": true,
        "pull": true
    },
    "allow_squash_merge": true,
    "allow_merge_commit": true,
    "allow_rebase_merge": true,
    "allow_auto_merge": false,
    "delete_branch_on_merge": false,
    "allow_update_branch": false,
    "use_squash_pr_title_as_default": false,
    "squash_merge_commit_message": "COMMIT_MESSAGES",
    "squash_merge_commit_title": "COMMIT_OR_PR_TITLE",
    "merge_commit_message": "PR_TITLE",
    "merge_commit_title": "MERGE_MESSAGE",
    "security_and_analysis": {
        "secret_scanning": {
            "status": "disabled"
        },
        "secret_scanning_push_protection": {
            "status": "disabled"
        }
    },
    "network_count": 0,
    "subscribers_count": 1
}
]]></system-out>
  </testcase>
  <testcase name="DeleteRepoNoAdminAPITest" classname="gra.Tests.GraTestWithFaker" time="0.454">
    <system-out><![CDATA[{
    "message": "Must have admin rights to Repository.",
    "documentation_url": "https://docs.github.com/rest/reference/repos#delete-a-repository"
}
]]></system-out>
  </testcase>
  <testcase name="DeleteRepoWithAdminAPITest" classname="gra.Tests.GraTestWithFaker" time="0.739">
    <system-out><![CDATA[
]]></system-out>
  </testcase>
  <testcase name="GetRepoAPITestAfterDelete" classname="gra.Tests.GraTestWithFaker" time="0.476">
    <system-out><![CDATA[{
    "message": "Not Found",
    "documentation_url": "https://docs.github.com/rest/reference/repos#get-a-repository"
}
]]></system-out>
  </testcase>
</testsuite>