<?xml version="1.0" encoding="UTF-8"?>
<!-- Generated by org.testng.reporters.JUnitReportReporter -->
<testsuite hostname="DESKTOP-U8N41C8" failures="0" tests="6" name="gra.Tests.GraTestWithFaker" time="8.499" errors="0" timestamp="2023-01-16T21:08:02 IST" skipped="0">
  <testcase classname="gra.Tests.GraTestWithFaker" name="CreateRepoAPITest" time="5.577"/>
  <system-out/>
  <testcase classname="gra.Tests.GraTestWithFaker" name="GetRepoAPITest" time="0.565"/>
  <system-out/>
  <testcase classname="gra.Tests.GraTestWithFaker" name="UpdateRepoAPITest" time="0.845"/>
  <system-out/>
  <testcase classname="gra.Tests.GraTestWithFaker" name="DeleteRepoNoAdminAPITest" time="0.422"/>
  <system-out/>
  <testcase classname="gra.Tests.GraTestWithFaker" name="DeleteRepoWithAdminAPITest" time="0.671"/>
  <system-out/>
  <testcase classname="gra.Tests.GraTestWithFaker" name="GetRepoAPITestAfterDelete" time="0.419"/>
  <system-out/>
</testsuite> <!-- gra.Tests.GraTestWithFaker -->
