<?xml version="1.0" encoding="UTF-8"?>
<!-- Generated by org.testng.reporters.JUnitReportReporter -->
<testsuite hostname="DESKTOP-U8N41C8" failures="0" tests="6" name="gra.Tests.GraTestWithFaker" time="12.863" errors="0" timestamp="2023-01-17T18:33:39 IST" skipped="0">
  <testcase classname="gra.Tests.GraTestWithFaker" name="CreateRepoAPITest" time="9.636"/>
  <system-out/>
  <testcase classname="gra.Tests.GraTestWithFaker" name="GetRepoAPITest" time="0.624"/>
  <system-out/>
  <testcase classname="gra.Tests.GraTestWithFaker" name="UpdateRepoAPITest" time="0.929"/>
  <system-out/>
  <testcase classname="gra.Tests.GraTestWithFaker" name="DeleteRepoNoAdminAPITest" time="0.462"/>
  <system-out/>
  <testcase classname="gra.Tests.GraTestWithFaker" name="DeleteRepoWithAdminAPITest" time="0.744"/>
  <system-out/>
  <testcase classname="gra.Tests.GraTestWithFaker" name="GetRepoAPITestAfterDelete" time="0.468"/>
  <system-out/>
</testsuite> <!-- gra.Tests.GraTestWithFaker -->
