<?xml version="1.0" encoding="UTF-8"?>
<!-- Generated by org.testng.reporters.JUnitReportReporter -->
<testsuite hostname="DESKTOP-U8N41C8" failures="0" tests="6" name="gra.Tests.GraTestWithFaker" time="17.719" errors="0" timestamp="2023-01-17T16:25:27 IST" skipped="0">
  <testcase classname="gra.Tests.GraTestWithFaker" name="CreateRepoAPITest" time="13.664"/>
  <system-out/>
  <testcase classname="gra.Tests.GraTestWithFaker" name="GetRepoAPITest" time="0.700"/>
  <system-out/>
  <testcase classname="gra.Tests.GraTestWithFaker" name="UpdateRepoAPITest" time="1.068"/>
  <system-out/>
  <testcase classname="gra.Tests.GraTestWithFaker" name="DeleteRepoNoAdminAPITest" time="0.766"/>
  <system-out/>
  <testcase classname="gra.Tests.GraTestWithFaker" name="DeleteRepoWithAdminAPITest" time="1.024"/>
  <system-out/>
  <testcase classname="gra.Tests.GraTestWithFaker" name="GetRepoAPITestAfterDelete" time="0.497"/>
  <system-out/>
</testsuite> <!-- gra.Tests.GraTestWithFaker -->
